<?xml version="1.0" encoding="UTF-8"?>
<testsuite name="JUnitTestClass" tests="2" skipped="0" failures="0" errors="0" timestamp="2022-10-11T15:21:51" hostname="filipps-mbp.nuigalway.ie" time="0.029">
  <properties/>
  <testcase name="testLecturerData()" classname="JUnitTestClass" time="0.028"/>
  <testcase name="testStudentData()" classname="JUnitTestClass" time="0.001"/>
  <system-out><![CDATA[]]></system-out>
  <system-err><![CDATA[]]></system-err>
</testsuite>
