<?xml version="1.0" encoding="UTF-8"?>
<testsuite name="JUnitTestClass" tests="2" skipped="0" failures="0" errors="0" timestamp="2022-10-15T13:45:58" hostname="Filipps-MacBook-Pro.local" time="0.033">
  <properties/>
  <testcase name="testLecturerData()" classname="JUnitTestClass" time="0.03"/>
  <testcase name="testStudentData()" classname="JUnitTestClass" time="0.002"/>
  <system-out><![CDATA[]]></system-out>
  <system-err><![CDATA[]]></system-err>
</testsuite>
